d:\dev\vulkanrenderer\src\debug\vc141.pdb
d:\dev\vulkanrenderer\src\debug\vc141.ıdb
d:\dev\vulkanrenderer\src\debug\wındow.obj
d:\dev\vulkanrenderer\src\debug\wın32_wındow.obj
d:\dev\vulkanrenderer\src\debug\wın32_tıme.obj
d:\dev\vulkanrenderer\src\debug\wın32_thread.obj
d:\dev\vulkanrenderer\src\debug\wın32_monıtor.obj
d:\dev\vulkanrenderer\src\debug\wın32_joystıck.obj
d:\dev\vulkanrenderer\src\debug\wın32_ınıt.obj
d:\dev\vulkanrenderer\src\debug\wgl_context.obj
d:\dev\vulkanrenderer\src\debug\vulkan.obj
d:\dev\vulkanrenderer\src\debug\osmesa_context.obj
d:\dev\vulkanrenderer\src\debug\monıtor.obj
d:\dev\vulkanrenderer\src\debug\ınput.obj
d:\dev\vulkanrenderer\src\debug\ınıt.obj
d:\dev\vulkanrenderer\src\debug\egl_context.obj
d:\dev\vulkanrenderer\src\debug\context.obj
d:\dev\vulkanrenderer\src\debug\maın.obj
c:\dev\gameengine\vulcanrenderer\src\debug\context.obj
c:\dev\gameengine\vulcanrenderer\src\debug\egl_context.obj
c:\dev\gameengine\vulcanrenderer\src\debug\init.obj
c:\dev\gameengine\vulcanrenderer\src\debug\input.obj
c:\dev\gameengine\vulcanrenderer\src\debug\main.obj
c:\dev\gameengine\vulcanrenderer\src\debug\monitor.obj
c:\dev\gameengine\vulcanrenderer\src\debug\osmesa_context.obj
c:\dev\gameengine\vulcanrenderer\src\debug\vulkan.obj
c:\dev\gameengine\vulcanrenderer\src\debug\wgl_context.obj
c:\dev\gameengine\vulcanrenderer\src\debug\win32_init.obj
c:\dev\gameengine\vulcanrenderer\src\debug\win32_joystick.obj
c:\dev\gameengine\vulcanrenderer\src\debug\win32_monitor.obj
c:\dev\gameengine\vulcanrenderer\src\debug\win32_thread.obj
c:\dev\gameengine\vulcanrenderer\src\debug\win32_time.obj
c:\dev\gameengine\vulcanrenderer\src\debug\win32_window.obj
c:\dev\gameengine\vulcanrenderer\src\debug\window.obj
c:\dev\gameengine\vulcanrenderer\src\debug\vc141.idb
c:\dev\gameengine\vulcanrenderer\src\debug\vc141.pdb
c:\dev\gameengine\vulcanrenderer\src\debug\vulkanrenderer.tlog\cl.command.1.tlog
c:\dev\gameengine\vulcanrenderer\src\debug\vulkanrenderer.tlog\cl.read.1.tlog
c:\dev\gameengine\vulcanrenderer\src\debug\vulkanrenderer.tlog\cl.write.1.tlog
c:\dev\gameengine\vulcanrenderer\src\debug\vulkanrenderer.tlog\link.42012-cvtres.read.1.tlog
c:\dev\gameengine\vulcanrenderer\src\debug\vulkanrenderer.tlog\link.42012-cvtres.write.1.tlog
c:\dev\gameengine\vulcanrenderer\src\debug\vulkanrenderer.tlog\link.42012-rc.read.1.tlog
c:\dev\gameengine\vulcanrenderer\src\debug\vulkanrenderer.tlog\link.42012-rc.write.1.tlog
c:\dev\gameengine\vulcanrenderer\src\debug\vulkanrenderer.tlog\link.42012.read.1.tlog
c:\dev\gameengine\vulcanrenderer\src\debug\vulkanrenderer.tlog\link.42012.write.1.tlog
c:\dev\gameengine\vulcanrenderer\src\debug\vulkanrenderer.tlog\link.command.1.tlog
c:\dev\gameengine\vulcanrenderer\src\debug\vulkanrenderer.tlog\link.read.1.tlog
c:\dev\gameengine\vulcanrenderer\src\debug\vulkanrenderer.tlog\link.write.1.tlog
