  context.c
  egl_context.c
  init.c
  input.c
  monitor.c
  osmesa_context.c
  vulkan.c
  wgl_context.c
  win32_init.c
  win32_joystick.c
  win32_monitor.c
  win32_thread.c
  win32_time.c
  win32_window.c
  window.c
  main.cpp
  Generating code
  Previous IPDB was built with incompatible compiler, fall back to full compilation.
  All 185 functions were compiled because no usable IPDB/IOBJ from previous compilation was found.
  Finished generating code
  VulkanRenderer.vcxproj -> C:\Dev\GameEngine\VulcanRenderer\x64\Release\VulkanRenderer.exe
