d:\dev\vulkanrenderer\src\x64\debug\vc141.pdb
d:\dev\vulkanrenderer\src\x64\debug\vc141.ıdb
d:\dev\vulkanrenderer\src\x64\debug\wındow.obj
d:\dev\vulkanrenderer\src\x64\debug\wın32_wındow.obj
d:\dev\vulkanrenderer\src\x64\debug\wın32_tıme.obj
d:\dev\vulkanrenderer\src\x64\debug\wın32_thread.obj
d:\dev\vulkanrenderer\src\x64\debug\wın32_monıtor.obj
d:\dev\vulkanrenderer\src\x64\debug\wın32_joystıck.obj
d:\dev\vulkanrenderer\src\x64\debug\wın32_ınıt.obj
d:\dev\vulkanrenderer\src\x64\debug\wgl_context.obj
d:\dev\vulkanrenderer\src\x64\debug\vulkan.obj
d:\dev\vulkanrenderer\src\x64\debug\osmesa_context.obj
d:\dev\vulkanrenderer\src\x64\debug\monıtor.obj
d:\dev\vulkanrenderer\src\x64\debug\ınput.obj
d:\dev\vulkanrenderer\src\x64\debug\ınıt.obj
d:\dev\vulkanrenderer\src\x64\debug\egl_context.obj
d:\dev\vulkanrenderer\src\x64\debug\context.obj
d:\dev\vulkanrenderer\src\x64\debug\maın.obj
d:\dev\vulkanrenderer\x64\debug\vulkanrenderer.exe
d:\dev\vulkanrenderer\x64\debug\vulkanrenderer.ılk
d:\dev\vulkanrenderer\x64\debug\vulkanrenderer.pdb
c:\dev\gameengine\vulcanrenderer\src\x64\debug\context.obj
c:\dev\gameengine\vulcanrenderer\src\x64\debug\egl_context.obj
c:\dev\gameengine\vulcanrenderer\src\x64\debug\init.obj
c:\dev\gameengine\vulcanrenderer\src\x64\debug\input.obj
c:\dev\gameengine\vulcanrenderer\src\x64\debug\main.obj
c:\dev\gameengine\vulcanrenderer\src\x64\debug\monitor.obj
c:\dev\gameengine\vulcanrenderer\src\x64\debug\osmesa_context.obj
c:\dev\gameengine\vulcanrenderer\src\x64\debug\vulkan.obj
c:\dev\gameengine\vulcanrenderer\src\x64\debug\wgl_context.obj
c:\dev\gameengine\vulcanrenderer\src\x64\debug\win32_init.obj
c:\dev\gameengine\vulcanrenderer\src\x64\debug\win32_joystick.obj
c:\dev\gameengine\vulcanrenderer\src\x64\debug\win32_monitor.obj
c:\dev\gameengine\vulcanrenderer\src\x64\debug\win32_thread.obj
c:\dev\gameengine\vulcanrenderer\src\x64\debug\win32_time.obj
c:\dev\gameengine\vulcanrenderer\src\x64\debug\win32_window.obj
c:\dev\gameengine\vulcanrenderer\src\x64\debug\window.obj
c:\dev\gameengine\vulcanrenderer\src\x64\debug\vc141.idb
c:\dev\gameengine\vulcanrenderer\src\x64\debug\vc141.pdb
c:\dev\gameengine\vulcanrenderer\x64\debug\vulkanrenderer.pdb
c:\dev\gameengine\vulcanrenderer\x64\debug\vulkanrenderer.exe
c:\dev\gameengine\vulcanrenderer\x64\debug\vulkanrenderer.ilk
c:\dev\gameengine\vulcanrenderer\src\x64\debug\vulkanrenderer.tlog\cl.command.1.tlog
c:\dev\gameengine\vulcanrenderer\src\x64\debug\vulkanrenderer.tlog\cl.read.1.tlog
c:\dev\gameengine\vulcanrenderer\src\x64\debug\vulkanrenderer.tlog\cl.write.1.tlog
c:\dev\gameengine\vulcanrenderer\src\x64\debug\vulkanrenderer.tlog\link.command.1.tlog
c:\dev\gameengine\vulcanrenderer\src\x64\debug\vulkanrenderer.tlog\link.read.1.tlog
c:\dev\gameengine\vulcanrenderer\src\x64\debug\vulkanrenderer.tlog\link.write.1.tlog
